Started GET "/" for 127.0.0.1 at 2018-04-07 22:07:49 -0400
Processing by WelcomeController#index as HTML
  Rendering welcome/index.html.erb within layouts/application
  Rendered welcome/index.html.erb within layouts/application (1.5ms)
Completed 200 OK in 1752ms (Views: 1092.6ms)


  [1m[35m (97.6ms)[0m  [1m[35mCREATE TABLE "schema_migrations" ("version" character varying NOT NULL PRIMARY KEY)[0m
  [1m[35m (41.1ms)[0m  [1m[35mCREATE TABLE "ar_internal_metadata" ("key" character varying NOT NULL PRIMARY KEY, "value" character varying, "created_at" timestamp NOT NULL, "updated_at" timestamp NOT NULL)[0m
  [1m[35m (23.3ms)[0m  [1m[34mSELECT pg_try_advisory_lock(5741147609629475190)[0m
  [1m[35m (1.3ms)[0m  [1m[34mSELECT "schema_migrations"."version" FROM "schema_migrations" ORDER BY "schema_migrations"."version" ASC[0m
Migrating to DeviseCreateUsers (20180408021806)
  [1m[35m (0.3ms)[0m  [1m[35mBEGIN[0m
  [1m[35m (64.8ms)[0m  [1m[35mCREATE TABLE "users" ("id" bigserial primary key, "email" character varying DEFAULT '' NOT NULL, "encrypted_password" character varying DEFAULT '' NOT NULL, "reset_password_token" character varying, "reset_password_sent_at" timestamp, "remember_created_at" timestamp, "sign_in_count" integer DEFAULT 0 NOT NULL, "current_sign_in_at" timestamp, "last_sign_in_at" timestamp, "current_sign_in_ip" inet, "last_sign_in_ip" inet, "created_at" timestamp NOT NULL, "updated_at" timestamp NOT NULL)[0m
  [1m[35m (2.4ms)[0m  [1m[35mCREATE UNIQUE INDEX  "index_users_on_email" ON "users"  ("email")[0m
  [1m[35m (46.6ms)[0m  [1m[35mCREATE UNIQUE INDEX  "index_users_on_reset_password_token" ON "users"  ("reset_password_token")[0m
  [1m[35mSQL (1.8ms)[0m  [1m[32mINSERT INTO "schema_migrations" ("version") VALUES ($1) RETURNING "version"[0m  [["version", "20180408021806"]]
  [1m[35m (0.6ms)[0m  [1m[35mCOMMIT[0m
  [1m[36mActiveRecord::InternalMetadata Load (0.7ms)[0m  [1m[34mSELECT  "ar_internal_metadata".* FROM "ar_internal_metadata" WHERE "ar_internal_metadata"."key" = $1 LIMIT $2[0m  [["key", "environment"], ["LIMIT", 1]]
  [1m[35m (0.2ms)[0m  [1m[35mBEGIN[0m
  [1m[35mSQL (1.6ms)[0m  [1m[32mINSERT INTO "ar_internal_metadata" ("key", "value", "created_at", "updated_at") VALUES ($1, $2, $3, $4) RETURNING "key"[0m  [["key", "environment"], ["value", "development"], ["created_at", "2018-04-08 02:19:38.879836"], ["updated_at", "2018-04-08 02:19:38.879836"]]
  [1m[35m (0.9ms)[0m  [1m[35mCOMMIT[0m
  [1m[35m (0.3ms)[0m  [1m[34mSELECT pg_advisory_unlock(5741147609629475190)[0m
  [1m[35m (6.4ms)[0m  [1m[34mSELECT "schema_migrations"."version" FROM "schema_migrations" ORDER BY "schema_migrations"."version" ASC[0m
Started GET "/" for 127.0.0.1 at 2018-04-07 22:20:21 -0400
  
NoMethodError (undefined method `devise_for' for #<ActionDispatch::Routing::Mapper:0x00007fb415406958>):
  
config/routes.rb:2:in `block in <top (required)>'
config/routes.rb:1:in `<top (required)>'
Started GET "/" for 127.0.0.1 at 2018-04-07 22:22:33 -0400
  [1m[35m (1.9ms)[0m  [1m[34mSELECT "schema_migrations"."version" FROM "schema_migrations" ORDER BY "schema_migrations"."version" ASC[0m
Processing by WelcomeController#index as HTML
Completed 401 Unauthorized in 22ms (ActiveRecord: 0.0ms)


Started GET "/users/sign_in" for 127.0.0.1 at 2018-04-07 22:22:33 -0400
Processing by Devise::SessionsController#new as HTML
  Rendering /Users/juliusregalado/.rbenv/versions/2.5.0/lib/ruby/gems/2.5.0/gems/devise-4.4.3/app/views/devise/sessions/new.html.erb within layouts/application
  Rendered /Users/juliusregalado/.rbenv/versions/2.5.0/lib/ruby/gems/2.5.0/gems/devise-4.4.3/app/views/devise/shared/_links.html.erb (1.5ms)
  Rendered /Users/juliusregalado/.rbenv/versions/2.5.0/lib/ruby/gems/2.5.0/gems/devise-4.4.3/app/views/devise/sessions/new.html.erb within layouts/application (27.6ms)
Completed 200 OK in 391ms (Views: 316.6ms | ActiveRecord: 43.7ms)


Started GET "/users/sign_up" for 127.0.0.1 at 2018-04-07 22:22:55 -0400
Processing by Devise::RegistrationsController#new as HTML
  Rendering /Users/juliusregalado/.rbenv/versions/2.5.0/lib/ruby/gems/2.5.0/gems/devise-4.4.3/app/views/devise/registrations/new.html.erb within layouts/application
  Rendered /Users/juliusregalado/.rbenv/versions/2.5.0/lib/ruby/gems/2.5.0/gems/devise-4.4.3/app/views/devise/shared/_links.html.erb (1.5ms)
  Rendered /Users/juliusregalado/.rbenv/versions/2.5.0/lib/ruby/gems/2.5.0/gems/devise-4.4.3/app/views/devise/registrations/new.html.erb within layouts/application (23.3ms)
Completed 200 OK in 146ms (Views: 121.9ms | ActiveRecord: 0.0ms)


Started POST "/users" for 127.0.0.1 at 2018-04-07 22:23:10 -0400
Processing by Devise::RegistrationsController#create as HTML
  Parameters: {"utf8"=>"✓", "authenticity_token"=>"FHXS3yPafmbT/PEf+JCM5rA0UgQLZG28IyGDbmjdqMtUR1oO8SX55YGLXTU+Z1hKH05eV6g0ZztNiW7B/Xkpzg==", "user"=>{"email"=>"test@test.com", "password"=>"[FILTERED]", "password_confirmation"=>"[FILTERED]"}, "commit"=>"Sign up"}
  [1m[35m (6.8ms)[0m  [1m[35mBEGIN[0m
  [1m[36mUser Exists (22.1ms)[0m  [1m[34mSELECT  1 AS one FROM "users" WHERE "users"."email" = $1 LIMIT $2[0m  [["email", "test@test.com"], ["LIMIT", 1]]
  [1m[35mSQL (60.1ms)[0m  [1m[32mINSERT INTO "users" ("email", "encrypted_password", "created_at", "updated_at") VALUES ($1, $2, $3, $4) RETURNING "id"[0m  [["email", "test@test.com"], ["encrypted_password", "$2a$11$AVA6EqSln4eUE/LWCtkai.abB8y/90HW9fJr3lh5pks.qiQWOtP2G"], ["created_at", "2018-04-08 02:23:10.628178"], ["updated_at", "2018-04-08 02:23:10.628178"]]
  [1m[35m (1.5ms)[0m  [1m[35mCOMMIT[0m
  [1m[35m (0.2ms)[0m  [1m[35mBEGIN[0m
  [1m[35mSQL (3.4ms)[0m  [1m[33mUPDATE "users" SET "sign_in_count" = $1, "current_sign_in_at" = $2, "last_sign_in_at" = $3, "current_sign_in_ip" = $4, "last_sign_in_ip" = $5, "updated_at" = $6 WHERE "users"."id" = $7[0m  [["sign_in_count", 1], ["current_sign_in_at", "2018-04-08 02:23:10.719432"], ["last_sign_in_at", "2018-04-08 02:23:10.719432"], ["current_sign_in_ip", "127.0.0.1/32"], ["last_sign_in_ip", "127.0.0.1/32"], ["updated_at", "2018-04-08 02:23:10.720298"], ["id", 1]]
  [1m[35m (0.4ms)[0m  [1m[35mCOMMIT[0m
Redirected to http://localhost:3000/
Completed 302 Found in 382ms (ActiveRecord: 94.5ms)


Started GET "/" for 127.0.0.1 at 2018-04-07 22:23:10 -0400
Processing by WelcomeController#index as HTML
  [1m[36mUser Load (18.1ms)[0m  [1m[34mSELECT  "users".* FROM "users" WHERE "users"."id" = $1 ORDER BY "users"."id" ASC LIMIT $2[0m  [["id", 1], ["LIMIT", 1]]
  Rendering welcome/index.html.erb within layouts/application
  Rendered welcome/index.html.erb within layouts/application (2.8ms)
Completed 200 OK in 80ms (Views: 52.3ms | ActiveRecord: 18.1ms)


Started GET "/" for 127.0.0.1 at 2018-04-07 22:26:27 -0400
Processing by WelcomeController#index as HTML
  [1m[36mUser Load (0.5ms)[0m  [1m[34mSELECT  "users".* FROM "users" WHERE "users"."id" = $1 ORDER BY "users"."id" ASC LIMIT $2[0m  [["id", 1], ["LIMIT", 1]]
  Rendering welcome/index.html.erb within layouts/application
  Rendered welcome/index.html.erb within layouts/application (1.5ms)
Completed 500 Internal Server Error in 100ms (ActiveRecord: 10.3ms)


  
ActionView::Template::Error (couldn't find file 'twitter-bootstrap-static/bootstrap' with type 'text/css'
Checked in these paths: 
  /Users/juliusregalado/code/wdi/PROJECTS/stocks-app/app/assets/config
  /Users/juliusregalado/code/wdi/PROJECTS/stocks-app/app/assets/images
  /Users/juliusregalado/code/wdi/PROJECTS/stocks-app/app/assets/javascripts
  /Users/juliusregalado/code/wdi/PROJECTS/stocks-app/app/assets/stylesheets
  /Users/juliusregalado/.rbenv/versions/2.5.0/lib/ruby/gems/2.5.0/gems/coffee-rails-4.2.2/lib/assets/javascripts
  /Users/juliusregalado/.rbenv/versions/2.5.0/lib/ruby/gems/2.5.0/gems/actioncable-5.1.6/lib/assets/compiled
  /Users/juliusregalado/.rbenv/versions/2.5.0/lib/ruby/gems/2.5.0/gems/actionview-5.1.6/lib/assets/compiled
  /Users/juliusregalado/.rbenv/versions/2.5.0/lib/ruby/gems/2.5.0/gems/turbolinks-source-5.1.0/lib/assets/javascripts
  /Users/juliusregalado/code/wdi/PROJECTS/stocks-app/node_modules):
     7:     <title><%= content_for?(:title) ? yield(:title) : "StocksApp" %></title>
     8:     <%= csrf_meta_tags %>
     9: 
    10:     <%= stylesheet_link_tag "application", :media => "all" %>
    11: 
    12:     <!-- For third-generation iPad with high-resolution Retina display: -->
    13:     <!-- Size should be 144 x 144 pixels -->
  
app/assets/stylesheets/bootstrap_and_overrides.css:2
app/views/layouts/application.html.erb:10:in `_app_views_layouts_application_html_erb___2507453644328992005_70316802223540'
Started GET "/" for 127.0.0.1 at 2018-04-07 22:32:52 -0400
  [1m[35m (10.0ms)[0m  [1m[34mSELECT "schema_migrations"."version" FROM "schema_migrations" ORDER BY "schema_migrations"."version" ASC[0m
Processing by WelcomeController#index as HTML
  [1m[36mUser Load (30.9ms)[0m  [1m[34mSELECT  "users".* FROM "users" WHERE "users"."id" = $1 ORDER BY "users"."id" ASC LIMIT $2[0m  [["id", 1], ["LIMIT", 1]]
  Rendering welcome/index.html.erb within layouts/application
  Rendered welcome/index.html.erb within layouts/application (3.6ms)
Completed 500 Internal Server Error in 1972ms (ActiveRecord: 46.2ms)


  
ActionView::Template::Error (The asset "apple-touch-icon-144x144-precomposed.png" is not present in the asset pipeline.):
    11: 
    12:     <!-- For third-generation iPad with high-resolution Retina display: -->
    13:     <!-- Size should be 144 x 144 pixels -->
    14:     <%= favicon_link_tag 'apple-touch-icon-144x144-precomposed.png', :rel => 'apple-touch-icon-precomposed', :type => 'image/png', :sizes => '144x144' %>
    15: 
    16:     <!-- For iPhone with high-resolution Retina display: -->
    17:     <!-- Size should be 114 x 114 pixels -->
  
app/views/layouts/application.html.erb:14:in `_app_views_layouts_application_html_erb___4136230891955445610_70181209570640'
Started GET "/" for 127.0.0.1 at 2018-04-07 22:33:33 -0400
Processing by WelcomeController#index as HTML
  [1m[36mUser Load (49.2ms)[0m  [1m[34mSELECT  "users".* FROM "users" WHERE "users"."id" = $1 ORDER BY "users"."id" ASC LIMIT $2[0m  [["id", 1], ["LIMIT", 1]]
  Rendering welcome/index.html.erb within layouts/application
  Rendered welcome/index.html.erb within layouts/application (7.8ms)
Completed 200 OK in 343ms (Views: 177.1ms | ActiveRecord: 49.2ms)


